#
# A fatal error has been detected by the Java Runtime Environment:
#
#  EXCEPTION_ACCESS_VIOLATION (0xc0000005) at pc=0x00007ffcb819e157, pid=15180, tid=10684
#
# JRE version: OpenJDK Runtime Environment Corretto-19.0.2.7.1 (19.0.2+7) (build 19.0.2+7-FR)
# Java VM: OpenJDK 64-Bit Server VM Corretto-19.0.2.7.1 (19.0.2+7-FR, mixed mode, sharing, tiered, compressed oops, compressed class ptrs, g1 gc, windows-amd64)
# Problematic frame:
# C  [lwjgl_opengl.dll+0xe157]
#
# No core dump will be written. Minidumps are not enabled by default on client versions of Windows
#
# If you would like to submit a bug report, please visit:
#   https://github.com/corretto/corretto-19/issues/
# The crash happened outside the Java Virtual Machine in native code.
# See problematic frame for where to report the bug.
#

---------------  S U M M A R Y ------------

Command Line: -Dfile.encoding=windows-1252 -Duser.country=US -Duser.language=en -Duser.variant csc133.Main

Host: 11th Gen Intel(R) Core(TM) i7-1165G7 @ 2.80GHz, 8 cores, 11G,  Windows 11 , 64 bit Build 22621 (10.0.22621.3235)
Time: Wed Mar 20 17:06:11 2024 Pacific Daylight Time elapsed time: 0.227324 seconds (0d 0h 0m 0s)

---------------  T H R E A D  ---------------

Current thread (0x000001a7b91303d0):  JavaThread "main" [_thread_in_native, id=10684, stack(0x0000000bf0700000,0x0000000bf0800000)]

Stack: [0x0000000bf0700000,0x0000000bf0800000],  sp=0x0000000bf07ff2c8,  free space=1020k
Native frames: (J=compiled Java code, j=interpreted, Vv=VM code, C=native code)
C  [lwjgl_opengl.dll+0xe157]

Java frames: (J=compiled Java code, j=interpreted, Vv=VM code)
j  org.lwjgl.opengl.GL20C.glCreateProgram()I+0
j  org.lwjgl.opengl.GL20.glCreateProgram()I+0
j  SlRenderer.slShaderManager.compile_shader()I+0
j  csc133.Main.main([Ljava/lang/String;)V+13
v  ~StubRoutines::call_stub 0x000001a7c88410e8

siginfo: EXCEPTION_ACCESS_VIOLATION (0xc0000005), reading address 0x0000000000000e20


Registers:
RAX=0x000001a7de8f29b0, RBX=0x000001a7da8eada0, RCX=0x0000000000000000, RDX=0x0000000bf07ff350
RSP=0x0000000bf07ff2c8, RBP=0x0000000bf07ff340, RSI=0x0000000000000075, RDI=0x0000000000000000
R8 =0x0000000000000002, R9 =0x0000000000000002, R10=0x000001a7c885fa2e, R11=0x000000074f524528
R12=0x0000000000000000, R13=0x000001a7da8ead98, R14=0x0000000bf07ff358, R15=0x000001a7b91303d0
RIP=0x00007ffcb819e157, EFLAGS=0x0000000000010202


Register to memory mapping:

RIP=0x00007ffcb819e157 lwjgl_opengl.dll
RAX=0x000001a7de8f29b0 points into unknown readable memory: 0x0000000000000000 | 00 00 00 00 00 00 00 00
RBX={method} {0x000001a7da8eada8} 'glCreateProgram' '()I' in 'org/lwjgl/opengl/GL20C'
RCX=0x0 is NULL
RDX=0x0000000bf07ff350 is pointing into the stack for thread: 0x000001a7b91303d0
RSP=0x0000000bf07ff2c8 is pointing into the stack for thread: 0x000001a7b91303d0
RBP=0x0000000bf07ff340 is pointing into the stack for thread: 0x000001a7b91303d0
RSI=0x0000000000000075 is an unknown value
RDI=0x0 is NULL
R8 =0x0000000000000002 is an unknown value
R9 =0x0000000000000002 is an unknown value
R10=0x000001a7c885fa2e is at code_begin+1006 in an Interpreter codelet
method entry point (kind = native)  [0x000001a7c885f640, 0x000001a7c8860250]  3088 bytes
R11=0x000000074f524528 is an oop: java.lang.Class 
{0x000000074f524528} - klass: 'java/lang/Class'
 - ---- fields (total size 54 words):
 - private volatile transient 'classRedefinedCount' 'I' @12  0
 - abstract internal 'klass' 'J' @16  34376608992 (1016ce0 8)
 - abstract internal 'array_klass' 'J' @24  0 (0 0)
 - abstract internal 'oop_size' 'I' @32  54 (36)
 - abstract internal 'static_oop_field_count' 'I' @36  0
 - private volatile transient 'cachedConstructor' 'Ljava/lang/reflect/Constructor;' @40  NULL (0)
 - private transient 'name' 'Ljava/lang/String;' @44  "org.lwjgl.opengl.GL20C"{0x000000074f5246e8} (e9ea48dd)
 - private transient 'module' 'Ljava/lang/Module;' @48  a 'java/lang/Module'{0x000000074fb53348} (e9f6a669)
 - private final 'classLoader' 'Ljava/lang/ClassLoader;' @52  a 'jdk/internal/loader/ClassLoaders$AppClassLoader'{0x000000074fb53188} (e9f6a631)
 - private transient 'classData' 'Ljava/lang/Object;' @56  NULL (0)
 - private transient 'packageName' 'Ljava/lang/String;' @60  "org.lwjgl.opengl"{0x000000074f932d50} (e9f265aa)
 - private final 'componentType' 'Ljava/lang/Class;' @64  NULL (0)
 - private volatile transient 'reflectionData' 'Ljava/lang/ref/SoftReference;' @68  NULL (0)
 - private volatile transient 'genericInfo' 'Lsun/reflect/generics/repository/ClassRepository;' @72  NULL (0)
 - private volatile transient 'enumConstants' '[Ljava/lang/Object;' @76  NULL (0)
 - private volatile transient 'enumConstantDirectory' 'Ljava/util/Map;' @80  NULL (0)
 - private volatile transient 'annotationData' 'Ljava/lang/Class$AnnotationData;' @84  NULL (0)
 - private volatile transient 'annotationType' 'Lsun/reflect/annotation/AnnotationType;' @88  NULL (0)
 - transient 'classValueMap' 'Ljava/lang/ClassValue$ClassValueMap;' @92  NULL (0)
 - abstract internal 'protection_domain' 'Ljava/lang/Object;' @96  a 'java/security/ProtectionDomain'{0x000000074f94d738} (e9f29ae7)
 - abstract internal 'signers_name' 'Ljava/lang/Object;' @100  NULL (0)
 - abstract internal 'source_file' 'Ljava/lang/Object;' @104  NULL (0)
 - signature: Lorg/lwjgl/opengl/GL20C;
 - ---- static fields (0):
 - public static final 'GL_SHADING_LANGUAGE_VERSION' 'I' @112  35724 (8b8c)
 - public static final 'GL_CURRENT_PROGRAM' 'I' @116  35725 (8b8d)
 - public static final 'GL_SHADER_TYPE' 'I' @120  35663 (8b4f)
 - public static final 'GL_DELETE_STATUS' 'I' @124  35712 (8b80)
 - public static final 'GL_COMPILE_STATUS' 'I' @128  35713 (8b81)
 - public static final 'GL_LINK_STATUS' 'I' @132  35714 (8b82)
 - public static final 'GL_VALIDATE_STATUS' 'I' @136  35715 (8b83)
 - public static final 'GL_INFO_LOG_LENGTH' 'I' @140  35716 (8b84)
 - public static final 'GL_ATTACHED_SHADERS' 'I' @144  35717 (8b85)
 - public static final 'GL_ACTIVE_UNIFORMS' 'I' @148  35718 (8b86)
 - public static final 'GL_ACTIVE_UNIFORM_MAX_LENGTH' 'I' @152  35719 (8b87)
 - public static final 'GL_ACTIVE_ATTRIBUTES' 'I' @156  35721 (8b89)
 - public static final 'GL_ACTIVE_ATTRIBUTE_MAX_LENGTH' 'I' @160  35722 (8b8a)
 - public static final 'GL_SHADER_SOURCE_LENGTH' 'I' @164  35720 (8b88)
 - public static final 'GL_FLOAT_VEC2' 'I' @168  35664 (8b50)
 - public static final 'GL_FLOAT_VEC3' 'I' @172  35665 (8b51)
 - public static final 'GL_FLOAT_VEC4' 'I' @176  35666 (8b52)
 - public static final 'GL_INT_VEC2' 'I' @180  35667 (8b53)
 - public static final 'GL_INT_VEC3' 'I' @184  35668 (8b54)
 - public static final 'GL_INT_VEC4' 'I' @188  35669 (8b55)
 - public static final 'GL_BOOL' 'I' @192  35670 (8b56)
 - public static final 'GL_BOOL_VEC2' 'I' @196  35671 (8b57)
 - public static final 'GL_BOOL_VEC3' 'I' @200  35672 (8b58)
 - public static final 'GL_BOOL_VEC4' 'I' @204  35673 (8b59)
 - public static final 'GL_FLOAT_MAT2' 'I' @208  35674 (8b5a)
 - public static final 'GL_FLOAT_MAT3' 'I' @212  35675 (8b5b)
 - public static final 'GL_FLOAT_MAT4' 'I' @216  35676 (8b5c)
 - public static final 'GL_SAMPLER_1D' 'I' @220  35677 (8b5d)
 - public static final 'GL_SAMPLER_2D' 'I' @224  35678 (8b5e)
 - public static final 'GL_SAMPLER_3D' 'I' @228  35679 (8b5f)
 - public static final 'GL_SAMPLER_CUBE' 'I' @232  35680 (8b60)
 - public static final 'GL_SAMPLER_1D_SHADOW' 'I' @236  35681 (8b61)
 - public static final 'GL_SAMPLER_2D_SHADOW' 'I' @240  35682 (8b62)
 - public static final 'GL_VERTEX_SHADER' 'I' @244  35633 (8b31)
 - public static final 'GL_MAX_VERTEX_UNIFORM_COMPONENTS' 'I' @248  35658 (8b4a)
 - public static final 'GL_MAX_VARYING_FLOATS' 'I' @252  35659 (8b4b)
 - public static final 'GL_MAX_VERTEX_ATTRIBS' 'I' @256  34921 (8869)
 - public static final 'GL_MAX_TEXTURE_IMAGE_UNITS' 'I' @260  34930 (8872)
 - public static final 'GL_MAX_VERTEX_TEXTURE_IMAGE_UNITS' 'I' @264  35660 (8b4c)
 - public static final 'GL_MAX_COMBINED_TEXTURE_IMAGE_UNITS' 'I' @268  35661 (8b4d)
 - public static final 'GL_VERTEX_PROGRAM_POINT_SIZE' 'I' @272  34370 (8642)
 - public static final 'GL_VERTEX_ATTRIB_ARRAY_ENABLED' 'I' @276  34338 (8622)
 - public static final 'GL_VERTEX_ATTRIB_ARRAY_SIZE' 'I' @280  34339 (8623)
 - public static final 'GL_VERTEX_ATTRIB_ARRAY_STRIDE' 'I' @284  34340 (8624)
 - public static final 'GL_VERTEX_ATTRIB_ARRAY_TYPE' 'I' @288  34341 (8625)
 - public static final 'GL_VERTEX_ATTRIB_ARRAY_NORMALIZED' 'I' @292  34922 (886a)
 - public static final 'GL_CURRENT_VERTEX_ATTRIB' 'I' @296  34342 (8626)
 - public static final 'GL_VERTEX_ATTRIB_ARRAY_POINTER' 'I' @300  34373 (8645)
 - public static final 'GL_FRAGMENT_SHADER' 'I' @304  35632 (8b30)
 - public static final 'GL_MAX_FRAGMENT_UNIFORM_COMPONENTS' 'I' @308  35657 (8b49)
 - public static final 'GL_FRAGMENT_SHADER_DERIVATIVE_HINT' 'I' @312  35723 (8b8b)
 - public static final 'GL_MAX_DRAW_BUFFERS' 'I' @316  34852 (8824)
 - public static final 'GL_DRAW_BUFFER0' 'I' @320  34853 (8825)
 - public static final 'GL_DRAW_BUFFER1' 'I' @324  34854 (8826)
 - public static final 'GL_DRAW_BUFFER2' 'I' @328  34855 (8827)
 - public static final 'GL_DRAW_BUFFER3' 'I' @332  34856 (8828)
 - public static final 'GL_DRAW_BUFFER4' 'I' @336  34857 (8829)
 - public static final 'GL_DRAW_BUFFER5' 'I' @340  34858 (882a)
 - public static final 'GL_DRAW_BUFFER6' 'I' @344  34859 (882b)
 - public static final 'GL_DRAW_BUFFER7' 'I' @348  34860 (882c)
 - public static final 'GL_DRAW_BUFFER8' 'I' @352  34861 (882d)
 - public static final 'GL_DRAW_BUFFER9' 'I' @356  34862 (882e)
 - public static final 'GL_DRAW_BUFFER10' 'I' @360  34863 (882f)
 - public static final 'GL_DRAW_BUFFER11' 'I' @364  34864 (8830)
 - public static final 'GL_DRAW_BUFFER12' 'I' @368  34865 (8831)
 - public static final 'GL_DRAW_BUFFER13' 'I' @372  34866 (8832)
 - public static final 'GL_DRAW_BUFFER14' 'I' @376  34867 (8833)
 - public static final 'GL_DRAW_BUFFER15' 'I' @380  34868 (8834)
 - public static final 'GL_POINT_SPRITE_COORD_ORIGIN' 'I' @384  36000 (8ca0)
 - public static final 'GL_LOWER_LEFT' 'I' @388  36001 (8ca1)
 - public static final 'GL_UPPER_LEFT' 'I' @392  36002 (8ca2)
 - public static final 'GL_BLEND_EQUATION_RGB' 'I' @396  32777 (8009)
 - public static final 'GL_BLEND_EQUATION_ALPHA' 'I' @400  34877 (883d)
 - public static final 'GL_STENCIL_BACK_FUNC' 'I' @404  34816 (8800)
 - public static final 'GL_STENCIL_BACK_FAIL' 'I' @408  34817 (8801)
 - public static final 'GL_STENCIL_BACK_PASS_DEPTH_FAIL' 'I' @412  34818 (8802)
 - public static final 'GL_STENCIL_BACK_PASS_DEPTH_PASS' 'I' @416  34819 (8803)
 - public static final 'GL_STENCIL_BACK_REF' 'I' @420  36003 (8ca3)
 - public static final 'GL_STENCIL_BACK_VALUE_MASK' 'I' @424  36004 (8ca4)
 - public static final 'GL_STENCIL_BACK_WRITEMASK' 'I' @428  36005 (8ca5)
R12=0x0 is NULL
R13=0x000001a7da8ead98 is pointing into metadata
R14=0x0000000bf07ff358 is pointing into the stack for thread: 0x000001a7b91303d0
R15=0x000001a7b91303d0 is a thread


Top of Stack: (sp=0x0000000bf07ff2c8)
0x0000000bf07ff2c8:   000001a7c885fa5d 000001a7da8eada0
0x0000000bf07ff2d8:   0000000000000075 000001a7da8097e8
0x0000000bf07ff2e8:   000001a7b91303d0 000001a7c885f6f6
0x0000000bf07ff2f8:   0000000bf07ff2f8 000001a7da8ead98
0x0000000bf07ff308:   0000000bf07ff358 000001a7da918000
0x0000000bf07ff318:   0000000000000000 000000074f524528
0x0000000bf07ff328:   000001a7da8eada0 0000000000000000
0x0000000bf07ff338:   0000000bf07ff360 0000000bf07ff3a8
0x0000000bf07ff348:   000001a7c885b8aa 000000074f524528
0x0000000bf07ff358:   000001a7c885d195 0000000bf07ff360
0x0000000bf07ff368:   000001a7da8097d0 0000000bf07ff3b0
0x0000000bf07ff378:   000001a7da86ba68 0000000000000000
0x0000000bf07ff388:   000000074f9cdc70 000001a7da8097e8
0x0000000bf07ff398:   0000000bf07ff360 0000000bf07ff3b8
0x0000000bf07ff3a8:   0000000bf07ff400 000001a7c885b8aa
0x0000000bf07ff3b8:   0000000bf07ff3b8 000001a7da800c90 

Instructions: (pc=0x00007ffcb819e157)
0x00007ffcb819e057:   8b c8 4c 8b 50 18 49 ff a2 e0 0d 00 00 cc cc cc
0x00007ffcb819e067:   cc cc cc cc cc cc cc cc cc 48 8b 01 49 8b d1 41
0x00007ffcb819e077:   8b c8 4c 8b 50 18 49 ff a2 e8 0d 00 00 cc cc cc
0x00007ffcb819e087:   cc cc cc cc cc cc cc cc cc 48 8b 01 48 8b 48 18
0x00007ffcb819e097:   48 8b 81 f0 0d 00 00 41 8b c8 48 ff e0 cc cc cc
0x00007ffcb819e0a7:   cc cc cc cc cc cc cc cc cc 48 8b 01 41 8b d1 41
0x00007ffcb819e0b7:   8b c8 4c 8b 50 18 49 ff a2 f8 0d 00 00 cc cc cc
0x00007ffcb819e0c7:   cc cc cc cc cc cc cc cc cc 48 8b 01 41 8b c8 48
0x00007ffcb819e0d7:   8b 50 18 48 ff a2 00 0e 00 00 cc cc cc cc cc cc
0x00007ffcb819e0e7:   cc cc cc cc cc cc cc cc cc 48 8b 01 45 8b d8 4c
0x00007ffcb819e0f7:   8b 44 24 28 41 8b d1 41 8b cb 4c 8b 50 18 49 ff
0x00007ffcb819e107:   a2 08 0e 00 00 cc cc cc cc 48 8b 01 45 8b d8 4c
0x00007ffcb819e117:   8b 44 24 28 41 8b d1 41 8b cb 4c 8b 50 18 49 ff
0x00007ffcb819e127:   a2 10 0e 00 00 cc cc cc cc 48 8b 01 45 8b d8 4c
0x00007ffcb819e137:   8b 44 24 28 41 8b d1 41 8b cb 4c 8b 50 18 49 ff
0x00007ffcb819e147:   a2 18 0e 00 00 cc cc cc cc 48 8b 01 48 8b 48 18
0x00007ffcb819e157:   48 8b 81 20 0e 00 00 48 ff e0 cc cc cc cc cc cc
0x00007ffcb819e167:   cc cc cc cc cc cc cc cc cc 48 8b 01 41 8b c8 48
0x00007ffcb819e177:   8b 50 18 48 ff a2 28 0e 00 00 cc cc cc cc cc cc
0x00007ffcb819e187:   cc cc cc cc cc cc cc cc cc 48 8b 01 48 8b 48 18
0x00007ffcb819e197:   48 8b 81 30 0e 00 00 41 8b c8 48 ff e0 cc cc cc
0x00007ffcb819e1a7:   cc cc cc cc cc cc cc cc cc 48 8b 01 48 8b 48 18
0x00007ffcb819e1b7:   48 8b 81 38 0e 00 00 41 8b c8 48 ff e0 cc cc cc
0x00007ffcb819e1c7:   cc cc cc cc cc cc cc cc cc 48 8b 01 41 8b c8 48
0x00007ffcb819e1d7:   8b 50 18 48 ff a2 40 0e 00 00 cc cc cc cc cc cc
0x00007ffcb819e1e7:   cc cc cc cc cc cc cc cc cc 48 8b 01 48 8b 48 18
0x00007ffcb819e1f7:   48 8b 81 48 0e 00 00 41 8b c8 48 ff e0 cc cc cc
0x00007ffcb819e207:   cc cc cc cc cc cc cc cc cc 48 8b 01 41 8b d1 41
0x00007ffcb819e217:   8b c8 4c 8b 50 18 49 ff a2 50 0e 00 00 cc cc cc
0x00007ffcb819e227:   cc cc cc cc cc cc cc cc cc 48 8b 01 41 8b d1 41
0x00007ffcb819e237:   8b c8 4c 8b 50 18 49 ff a2 58 0e 00 00 cc cc cc
0x00007ffcb819e247:   cc cc cc cc cc cc cc cc cc 40 53 48 8b 01 41 8b 


Stack slot to memory mapping:
stack at sp + 0 slots: 0x000001a7c885fa5d is at code_begin+1053 in an Interpreter codelet
method entry point (kind = native)  [0x000001a7c885f640, 0x000001a7c8860250]  3088 bytes
stack at sp + 1 slots: {method} {0x000001a7da8eada8} 'glCreateProgram' '()I' in 'org/lwjgl/opengl/GL20C'
stack at sp + 2 slots: 0x0000000000000075 is an unknown value
stack at sp + 3 slots: {method} {0x000001a7da8097f0} 'glCreateProgram' '()I' in 'org/lwjgl/opengl/GL20'
stack at sp + 4 slots: 0x000001a7b91303d0 is a thread
stack at sp + 5 slots: 0x000001a7c885f6f6 is at code_begin+182 in an Interpreter codelet
method entry point (kind = native)  [0x000001a7c885f640, 0x000001a7c8860250]  3088 bytes
stack at sp + 6 slots: 0x0000000bf07ff2f8 is pointing into the stack for thread: 0x000001a7b91303d0
stack at sp + 7 slots: 0x000001a7da8ead98 is pointing into metadata


---------------  P R O C E S S  ---------------

Threads class SMR info:
_java_thread_list=0x000001a7de791870, length=13, elements={
0x000001a7b91303d0, 0x000001a7da0088b0, 0x000001a7da009790, 0x000001a7da00b5b0,
0x000001a7da00db50, 0x000001a7da010d20, 0x000001a7da015f70, 0x000001a7da039c20,
0x000001a7da03e320, 0x000001a7da052c10, 0x000001a7de4ea080, 0x000001a7de4fc460,
0x000001a7de7fca30
}

Java Threads: ( => current thread )
=>0x000001a7b91303d0 JavaThread "main" [_thread_in_native, id=10684, stack(0x0000000bf0700000,0x0000000bf0800000)]
  0x000001a7da0088b0 JavaThread "Reference Handler" daemon [_thread_blocked, id=28992, stack(0x0000000bf0e00000,0x0000000bf0f00000)]
  0x000001a7da009790 JavaThread "Finalizer" daemon [_thread_blocked, id=2568, stack(0x0000000bf0f00000,0x0000000bf1000000)]
  0x000001a7da00b5b0 JavaThread "Signal Dispatcher" daemon [_thread_blocked, id=25328, stack(0x0000000bf1000000,0x0000000bf1100000)]
  0x000001a7da00db50 JavaThread "Attach Listener" daemon [_thread_blocked, id=21444, stack(0x0000000bf1100000,0x0000000bf1200000)]
  0x000001a7da010d20 JavaThread "Service Thread" daemon [_thread_blocked, id=24876, stack(0x0000000bf1200000,0x0000000bf1300000)]
  0x000001a7da015f70 JavaThread "Monitor Deflation Thread" daemon [_thread_blocked, id=29988, stack(0x0000000bf1300000,0x0000000bf1400000)]
  0x000001a7da039c20 JavaThread "C2 CompilerThread0" daemon [_thread_blocked, id=12860, stack(0x0000000bf1400000,0x0000000bf1500000)]
  0x000001a7da03e320 JavaThread "C1 CompilerThread0" daemon [_thread_blocked, id=26668, stack(0x0000000bf1500000,0x0000000bf1600000)]
  0x000001a7da052c10 JavaThread "Sweeper thread" daemon [_thread_blocked, id=7916, stack(0x0000000bf1600000,0x0000000bf1700000)]
  0x000001a7de4ea080 JavaThread "Notification Thread" daemon [_thread_blocked, id=14868, stack(0x0000000bf1700000,0x0000000bf1800000)]
  0x000001a7de4fc460 JavaThread "Common-Cleaner" daemon [_thread_blocked, id=29164, stack(0x0000000bf1900000,0x0000000bf1a00000)]
  0x000001a7de7fca30 JavaThread "C2 CompilerThread1" daemon [_thread_blocked, id=11868, stack(0x0000000bf1a00000,0x0000000bf1b00000)]

Other Threads:
  0x000001a7d9fef590 VMThread "VM Thread" [stack: 0x0000000bf0d00000,0x0000000bf0e00000] [id=17904]
  0x000001a7de4ec5d0 WatcherThread "VM Periodic Task Thread" [stack: 0x0000000bf1800000,0x0000000bf1900000] [id=21880]
  0x000001a7b918de20 WorkerThread "GC Thread#0" [stack: 0x0000000bf0800000,0x0000000bf0900000] [id=12352]
  0x000001a7b919ab20 ConcurrentGCThread "G1 Main Marker" [stack: 0x0000000bf0900000,0x0000000bf0a00000] [id=19716]
  0x000001a7b919c560 WorkerThread "G1 Conc#0" [stack: 0x0000000bf0a00000,0x0000000bf0b00000] [id=29552]
  0x000001a7d9eab500 ConcurrentGCThread "G1 Refine#0" [stack: 0x0000000bf0b00000,0x0000000bf0c00000] [id=25908]
  0x000001a7d9eabf50 ConcurrentGCThread "G1 Service" [stack: 0x0000000bf0c00000,0x0000000bf0d00000] [id=8112]

Threads with active compile tasks:

VM state: not at safepoint (normal execution)

VM Mutex/Monitor currently owned by a thread: None

Heap address: 0x0000000744000000, size: 3008 MB, Compressed Oops mode: Zero based, Oop shift amount: 3

CDS archive(s) mapped at: [0x0000000800000000-0x0000000800c40000-0x0000000800c40000), size 12845056, SharedBaseAddress: 0x0000000800000000, ArchiveRelocationMode: 0.
Compressed class space mapped at: 0x0000000801000000-0x0000000841000000, reserved size: 1073741824
Narrow klass base: 0x0000000800000000, Narrow klass shift: 0, Narrow klass range: 0x100000000

GC Precious Log:
 CardTable entry size: 512
 Card Set container configuration: InlinePtr #cards 4 size 8 Array Of Cards #cards 16 size 48 Howl #buckets 8 coarsen threshold 3686 Howl Bitmap #cards 512 size 80 coarsen threshold 460 Card regions per heap region 1 cards per card region 4096
 CPUs: 8 total, 8 available
 Memory: 12026M
 Large Page Support: Disabled
 NUMA Support: Disabled
 Compressed Oops: Enabled (Zero based)
 Heap Region Size: 2M
 Heap Min Capacity: 8M
 Heap Initial Capacity: 188M
 Heap Max Capacity: 3008M
 Pre-touch: Disabled
 Parallel Workers: 8
 Concurrent Workers: 2
 Concurrent Refinement Workers: 8
 Periodic GC: Disabled

Heap:
 garbage-first heap   total 192512K, used 6144K [0x0000000744000000, 0x0000000800000000)
  region size 2048K, 4 young (8192K), 0 survivors (0K)
 Metaspace       used 2860K, committed 3008K, reserved 1114112K
  class space    used 191K, committed 256K, reserved 1048576K

Heap Regions: E=young(eden), S=young(survivor), O=old, HS=humongous(starts), HC=humongous(continues), CS=collection set, F=free, OA=open archive, CA=closed archive, TAMS=top-at-mark-start (previous, next)
|   0|0x0000000744000000, 0x0000000744000000, 0x0000000744200000|  0%| F|  |TAMS 0x0000000744000000, 0x0000000744000000| Untracked 
|   1|0x0000000744200000, 0x0000000744200000, 0x0000000744400000|  0%| F|  |TAMS 0x0000000744200000, 0x0000000744200000| Untracked 
|   2|0x0000000744400000, 0x0000000744400000, 0x0000000744600000|  0%| F|  |TAMS 0x0000000744400000, 0x0000000744400000| Untracked 
|   3|0x0000000744600000, 0x0000000744600000, 0x0000000744800000|  0%| F|  |TAMS 0x0000000744600000, 0x0000000744600000| Untracked 
|   4|0x0000000744800000, 0x0000000744800000, 0x0000000744a00000|  0%| F|  |TAMS 0x0000000744800000, 0x0000000744800000| Untracked 
|   5|0x0000000744a00000, 0x0000000744a00000, 0x0000000744c00000|  0%| F|  |TAMS 0x0000000744a00000, 0x0000000744a00000| Untracked 
|   6|0x0000000744c00000, 0x0000000744c00000, 0x0000000744e00000|  0%| F|  |TAMS 0x0000000744c00000, 0x0000000744c00000| Untracked 
|   7|0x0000000744e00000, 0x0000000744e00000, 0x0000000745000000|  0%| F|  |TAMS 0x0000000744e00000, 0x0000000744e00000| Untracked 
|   8|0x0000000745000000, 0x0000000745000000, 0x0000000745200000|  0%| F|  |TAMS 0x0000000745000000, 0x0000000745000000| Untracked 
|   9|0x0000000745200000, 0x0000000745200000, 0x0000000745400000|  0%| F|  |TAMS 0x0000000745200000, 0x0000000745200000| Untracked 
|  10|0x0000000745400000, 0x0000000745400000, 0x0000000745600000|  0%| F|  |TAMS 0x0000000745400000, 0x0000000745400000| Untracked 
|  11|0x0000000745600000, 0x0000000745600000, 0x0000000745800000|  0%| F|  |TAMS 0x0000000745600000, 0x0000000745600000| Untracked 
|  12|0x0000000745800000, 0x0000000745800000, 0x0000000745a00000|  0%| F|  |TAMS 0x0000000745800000, 0x0000000745800000| Untracked 
|  13|0x0000000745a00000, 0x0000000745a00000, 0x0000000745c00000|  0%| F|  |TAMS 0x0000000745a00000, 0x0000000745a00000| Untracked 
|  14|0x0000000745c00000, 0x0000000745c00000, 0x0000000745e00000|  0%| F|  |TAMS 0x0000000745c00000, 0x0000000745c00000| Untracked 
|  15|0x0000000745e00000, 0x0000000745e00000, 0x0000000746000000|  0%| F|  |TAMS 0x0000000745e00000, 0x0000000745e00000| Untracked 
|  16|0x0000000746000000, 0x0000000746000000, 0x0000000746200000|  0%| F|  |TAMS 0x0000000746000000, 0x0000000746000000| Untracked 
|  17|0x0000000746200000, 0x0000000746200000, 0x0000000746400000|  0%| F|  |TAMS 0x0000000746200000, 0x0000000746200000| Untracked 
|  18|0x0000000746400000, 0x0000000746400000, 0x0000000746600000|  0%| F|  |TAMS 0x0000000746400000, 0x0000000746400000| Untracked 
|  19|0x0000000746600000, 0x0000000746600000, 0x0000000746800000|  0%| F|  |TAMS 0x0000000746600000, 0x0000000746600000| Untracked 
|  20|0x0000000746800000, 0x0000000746800000, 0x0000000746a00000|  0%| F|  |TAMS 0x0000000746800000, 0x0000000746800000| Untracked 
|  21|0x0000000746a00000, 0x0000000746a00000, 0x0000000746c00000|  0%| F|  |TAMS 0x0000000746a00000, 0x0000000746a00000| Untracked 
|  22|0x0000000746c00000, 0x0000000746c00000, 0x0000000746e00000|  0%| F|  |TAMS 0x0000000746c00000, 0x0000000746c00000| Untracked 
|  23|0x0000000746e00000, 0x0000000746e00000, 0x0000000747000000|  0%| F|  |TAMS 0x0000000746e00000, 0x0000000746e00000| Untracked 
|  24|0x0000000747000000, 0x0000000747000000, 0x0000000747200000|  0%| F|  |TAMS 0x0000000747000000, 0x0000000747000000| Untracked 
|  25|0x0000000747200000, 0x0000000747200000, 0x0000000747400000|  0%| F|  |TAMS 0x0000000747200000, 0x0000000747200000| Untracked 
|  26|0x0000000747400000, 0x0000000747400000, 0x0000000747600000|  0%| F|  |TAMS 0x0000000747400000, 0x0000000747400000| Untracked 
|  27|0x0000000747600000, 0x0000000747600000, 0x0000000747800000|  0%| F|  |TAMS 0x0000000747600000, 0x0000000747600000| Untracked 
|  28|0x0000000747800000, 0x0000000747800000, 0x0000000747a00000|  0%| F|  |TAMS 0x0000000747800000, 0x0000000747800000| Untracked 
|  29|0x0000000747a00000, 0x0000000747a00000, 0x0000000747c00000|  0%| F|  |TAMS 0x0000000747a00000, 0x0000000747a00000| Untracked 
|  30|0x0000000747c00000, 0x0000000747c00000, 0x0000000747e00000|  0%| F|  |TAMS 0x0000000747c00000, 0x0000000747c00000| Untracked 
|  31|0x0000000747e00000, 0x0000000747e00000, 0x0000000748000000|  0%| F|  |TAMS 0x0000000747e00000, 0x0000000747e00000| Untracked 
|  32|0x0000000748000000, 0x0000000748000000, 0x0000000748200000|  0%| F|  |TAMS 0x0000000748000000, 0x0000000748000000| Untracked 
|  33|0x0000000748200000, 0x0000000748200000, 0x0000000748400000|  0%| F|  |TAMS 0x0000000748200000, 0x0000000748200000| Untracked 
|  34|0x0000000748400000, 0x0000000748400000, 0x0000000748600000|  0%| F|  |TAMS 0x0000000748400000, 0x0000000748400000| Untracked 
|  35|0x0000000748600000, 0x0000000748600000, 0x0000000748800000|  0%| F|  |TAMS 0x0000000748600000, 0x0000000748600000| Untracked 
|  36|0x0000000748800000, 0x0000000748800000, 0x0000000748a00000|  0%| F|  |TAMS 0x0000000748800000, 0x0000000748800000| Untracked 
|  37|0x0000000748a00000, 0x0000000748a00000, 0x0000000748c00000|  0%| F|  |TAMS 0x0000000748a00000, 0x0000000748a00000| Untracked 
|  38|0x0000000748c00000, 0x0000000748c00000, 0x0000000748e00000|  0%| F|  |TAMS 0x0000000748c00000, 0x0000000748c00000| Untracked 
|  39|0x0000000748e00000, 0x0000000748e00000, 0x0000000749000000|  0%| F|  |TAMS 0x0000000748e00000, 0x0000000748e00000| Untracked 
|  40|0x0000000749000000, 0x0000000749000000, 0x0000000749200000|  0%| F|  |TAMS 0x0000000749000000, 0x0000000749000000| Untracked 
|  41|0x0000000749200000, 0x0000000749200000, 0x0000000749400000|  0%| F|  |TAMS 0x0000000749200000, 0x0000000749200000| Untracked 
|  42|0x0000000749400000, 0x0000000749400000, 0x0000000749600000|  0%| F|  |TAMS 0x0000000749400000, 0x0000000749400000| Untracked 
|  43|0x0000000749600000, 0x0000000749600000, 0x0000000749800000|  0%| F|  |TAMS 0x0000000749600000, 0x0000000749600000| Untracked 
|  44|0x0000000749800000, 0x0000000749800000, 0x0000000749a00000|  0%| F|  |TAMS 0x0000000749800000, 0x0000000749800000| Untracked 
|  45|0x0000000749a00000, 0x0000000749a00000, 0x0000000749c00000|  0%| F|  |TAMS 0x0000000749a00000, 0x0000000749a00000| Untracked 
|  46|0x0000000749c00000, 0x0000000749c00000, 0x0000000749e00000|  0%| F|  |TAMS 0x0000000749c00000, 0x0000000749c00000| Untracked 
|  47|0x0000000749e00000, 0x0000000749e00000, 0x000000074a000000|  0%| F|  |TAMS 0x0000000749e00000, 0x0000000749e00000| Untracked 
|  48|0x000000074a000000, 0x000000074a000000, 0x000000074a200000|  0%| F|  |TAMS 0x000000074a000000, 0x000000074a000000| Untracked 
|  49|0x000000074a200000, 0x000000074a200000, 0x000000074a400000|  0%| F|  |TAMS 0x000000074a200000, 0x000000074a200000| Untracked 
|  50|0x000000074a400000, 0x000000074a400000, 0x000000074a600000|  0%| F|  |TAMS 0x000000074a400000, 0x000000074a400000| Untracked 
|  51|0x000000074a600000, 0x000000074a600000, 0x000000074a800000|  0%| F|  |TAMS 0x000000074a600000, 0x000000074a600000| Untracked 
|  52|0x000000074a800000, 0x000000074a800000, 0x000000074aa00000|  0%| F|  |TAMS 0x000000074a800000, 0x000000074a800000| Untracked 
|  53|0x000000074aa00000, 0x000000074aa00000, 0x000000074ac00000|  0%| F|  |TAMS 0x000000074aa00000, 0x000000074aa00000| Untracked 
|  54|0x000000074ac00000, 0x000000074ac00000, 0x000000074ae00000|  0%| F|  |TAMS 0x000000074ac00000, 0x000000074ac00000| Untracked 
|  55|0x000000074ae00000, 0x000000074ae00000, 0x000000074b000000|  0%| F|  |TAMS 0x000000074ae00000, 0x000000074ae00000| Untracked 
|  56|0x000000074b000000, 0x000000074b000000, 0x000000074b200000|  0%| F|  |TAMS 0x000000074b000000, 0x000000074b000000| Untracked 
|  57|0x000000074b200000, 0x000000074b200000, 0x000000074b400000|  0%| F|  |TAMS 0x000000074b200000, 0x000000074b200000| Untracked 
|  58|0x000000074b400000, 0x000000074b400000, 0x000000074b600000|  0%| F|  |TAMS 0x000000074b400000, 0x000000074b400000| Untracked 
|  59|0x000000074b600000, 0x000000074b600000, 0x000000074b800000|  0%| F|  |TAMS 0x000000074b600000, 0x000000074b600000| Untracked 
|  60|0x000000074b800000, 0x000000074b800000, 0x000000074ba00000|  0%| F|  |TAMS 0x000000074b800000, 0x000000074b800000| Untracked 
|  61|0x000000074ba00000, 0x000000074ba00000, 0x000000074bc00000|  0%| F|  |TAMS 0x000000074ba00000, 0x000000074ba00000| Untracked 
|  62|0x000000074bc00000, 0x000000074bc00000, 0x000000074be00000|  0%| F|  |TAMS 0x000000074bc00000, 0x000000074bc00000| Untracked 
|  63|0x000000074be00000, 0x000000074be00000, 0x000000074c000000|  0%| F|  |TAMS 0x000000074be00000, 0x000000074be00000| Untracked 
|  64|0x000000074c000000, 0x000000074c000000, 0x000000074c200000|  0%| F|  |TAMS 0x000000074c000000, 0x000000074c000000| Untracked 
|  65|0x000000074c200000, 0x000000074c200000, 0x000000074c400000|  0%| F|  |TAMS 0x000000074c200000, 0x000000074c200000| Untracked 
|  66|0x000000074c400000, 0x000000074c400000, 0x000000074c600000|  0%| F|  |TAMS 0x000000074c400000, 0x000000074c400000| Untracked 
|  67|0x000000074c600000, 0x000000074c600000, 0x000000074c800000|  0%| F|  |TAMS 0x000000074c600000, 0x000000074c600000| Untracked 
|  68|0x000000074c800000, 0x000000074c800000, 0x000000074ca00000|  0%| F|  |TAMS 0x000000074c800000, 0x000000074c800000| Untracked 
|  69|0x000000074ca00000, 0x000000074ca00000, 0x000000074cc00000|  0%| F|  |TAMS 0x000000074ca00000, 0x000000074ca00000| Untracked 
|  70|0x000000074cc00000, 0x000000074cc00000, 0x000000074ce00000|  0%| F|  |TAMS 0x000000074cc00000, 0x000000074cc00000| Untracked 
|  71|0x000000074ce00000, 0x000000074ce00000, 0x000000074d000000|  0%| F|  |TAMS 0x000000074ce00000, 0x000000074ce00000| Untracked 
|  72|0x000000074d000000, 0x000000074d000000, 0x000000074d200000|  0%| F|  |TAMS 0x000000074d000000, 0x000000074d000000| Untracked 
|  73|0x000000074d200000, 0x000000074d200000, 0x000000074d400000|  0%| F|  |TAMS 0x000000074d200000, 0x000000074d200000| Untracked 
|  74|0x000000074d400000, 0x000000074d400000, 0x000000074d600000|  0%| F|  |TAMS 0x000000074d400000, 0x000000074d400000| Untracked 
|  75|0x000000074d600000, 0x000000074d600000, 0x000000074d800000|  0%| F|  |TAMS 0x000000074d600000, 0x000000074d600000| Untracked 
|  76|0x000000074d800000, 0x000000074d800000, 0x000000074da00000|  0%| F|  |TAMS 0x000000074d800000, 0x000000074d800000| Untracked 
|  77|0x000000074da00000, 0x000000074da00000, 0x000000074dc00000|  0%| F|  |TAMS 0x000000074da00000, 0x000000074da00000| Untracked 
|  78|0x000000074dc00000, 0x000000074dc00000, 0x000000074de00000|  0%| F|  |TAMS 0x000000074dc00000, 0x000000074dc00000| Untracked 
|  79|0x000000074de00000, 0x000000074de00000, 0x000000074e000000|  0%| F|  |TAMS 0x000000074de00000, 0x000000074de00000| Untracked 
|  80|0x000000074e000000, 0x000000074e000000, 0x000000074e200000|  0%| F|  |TAMS 0x000000074e000000, 0x000000074e000000| Untracked 
|  81|0x000000074e200000, 0x000000074e200000, 0x000000074e400000|  0%| F|  |TAMS 0x000000074e200000, 0x000000074e200000| Untracked 
|  82|0x000000074e400000, 0x000000074e400000, 0x000000074e600000|  0%| F|  |TAMS 0x000000074e400000, 0x000000074e400000| Untracked 
|  83|0x000000074e600000, 0x000000074e600000, 0x000000074e800000|  0%| F|  |TAMS 0x000000074e600000, 0x000000074e600000| Untracked 
|  84|0x000000074e800000, 0x000000074e800000, 0x000000074ea00000|  0%| F|  |TAMS 0x000000074e800000, 0x000000074e800000| Untracked 
|  85|0x000000074ea00000, 0x000000074ea00000, 0x000000074ec00000|  0%| F|  |TAMS 0x000000074ea00000, 0x000000074ea00000| Untracked 
|  86|0x000000074ec00000, 0x000000074ec00000, 0x000000074ee00000|  0%| F|  |TAMS 0x000000074ec00000, 0x000000074ec00000| Untracked 
|  87|0x000000074ee00000, 0x000000074ee00000, 0x000000074f000000|  0%| F|  |TAMS 0x000000074ee00000, 0x000000074ee00000| Untracked 
|  88|0x000000074f000000, 0x000000074f000000, 0x000000074f200000|  0%| F|  |TAMS 0x000000074f000000, 0x000000074f000000| Untracked 
|  89|0x000000074f200000, 0x000000074f200000, 0x000000074f400000|  0%| F|  |TAMS 0x000000074f200000, 0x000000074f200000| Untracked 
|  90|0x000000074f400000, 0x000000074f560db0, 0x000000074f600000| 68%| E|  |TAMS 0x000000074f400000, 0x000000074f400000| Complete 
|  91|0x000000074f600000, 0x000000074f800000, 0x000000074f800000|100%| E|CS|TAMS 0x000000074f600000, 0x000000074f600000| Complete 
|  92|0x000000074f800000, 0x000000074fa00000, 0x000000074fa00000|100%| E|CS|TAMS 0x000000074f800000, 0x000000074f800000| Complete 
|  93|0x000000074fa00000, 0x000000074fc00000, 0x000000074fc00000|100%| E|CS|TAMS 0x000000074fa00000, 0x000000074fa00000| Complete 

Card table byte_map: [0x000001a7d0c20000,0x000001a7d1200000] _byte_map_base: 0x000001a7cd200000

Marking Bits (Prev, Next): (CMBitMap*) 0x000001a7b918e450, (CMBitMap*) 0x000001a7b918e490
 Prev Bits: [0x000001a7d17e0000, 0x000001a7d46e0000)
 Next Bits: [0x000001a7d46e0000, 0x000001a7d75e0000)

Polling page: 0x000001a7b88f0000

Metaspace:

Usage:
  Non-class:      2.61 MB used.
      Class:    191.88 KB used.
       Both:      2.79 MB used.

Virtual space:
  Non-class space:       64.00 MB reserved,       2.69 MB (  4%) committed,  1 nodes.
      Class space:        1.00 GB reserved,     256.00 KB ( <1%) committed,  1 nodes.
             Both:        1.06 GB reserved,       2.94 MB ( <1%) committed. 

Chunk freelists:
   Non-Class:  2.89 MB
       Class:  3.66 MB
        Both:  6.55 MB

MaxMetaspaceSize: unlimited
CompressedClassSpaceSize: 1.00 GB
Initial GC threshold: 21.00 MB
Current GC threshold: 21.00 MB
CDS: on
MetaspaceReclaimPolicy: balanced
 - commit_granule_bytes: 65536.
 - commit_granule_words: 8192.
 - virtual_space_node_default_size: 8388608.
 - enlarge_chunks_in_place: 1.
 - new_chunks_are_fully_committed: 0.
 - uncommit_free_chunks: 1.
 - use_allocation_guard: 0.


Internal statistics:

num_allocs_failed_limit: 0.
num_arena_births: 90.
num_arena_deaths: 0.
num_vsnodes_births: 2.
num_vsnodes_deaths: 0.
num_space_committed: 47.
num_space_uncommitted: 0.
num_chunks_returned_to_freelist: 0.
num_chunks_taken_from_freelist: 148.
num_chunk_merges: 0.
num_chunk_splits: 97.
num_chunks_enlarged: 66.
num_inconsistent_stats: 0.

CodeHeap 'non-profiled nmethods': size=120000Kb used=176Kb max_used=176Kb free=119823Kb
 bounds [0x000001a7c8de0000, 0x000001a7c9050000, 0x000001a7d0310000]
CodeHeap 'profiled nmethods': size=120000Kb used=836Kb max_used=836Kb free=119163Kb
 bounds [0x000001a7c1310000, 0x000001a7c1580000, 0x000001a7c8840000]
CodeHeap 'non-nmethods': size=5760Kb used=1284Kb max_used=1305Kb free=4475Kb
 bounds [0x000001a7c8840000, 0x000001a7c8ab0000, 0x000001a7c8de0000]
 total_blobs=1060 nmethods=572 adapters=399
 compilation: enabled
              stopped_count=0, restarted_count=0
 full_count=0

Compilation events (20 events):
Event: 0.215 Thread 0x000001a7da03e320  562       3       java.lang.invoke.LambdaForm::parameter (38 bytes)
Event: 0.215 Thread 0x000001a7da03e320 nmethod 562 0x000001a7c13dea10 code [0x000001a7c13deba0, 0x000001a7c13decf8]
Event: 0.217 Thread 0x000001a7da03e320  563       3       java.io.InputStream::<init> (5 bytes)
Event: 0.217 Thread 0x000001a7da03e320 nmethod 563 0x000001a7c13dee10 code [0x000001a7c13defc0, 0x000001a7c13df118]
Event: 0.217 Thread 0x000001a7da03e320  565       3       java.lang.Integer::toUnsignedLong (7 bytes)
Event: 0.217 Thread 0x000001a7da03e320 nmethod 565 0x000001a7c13df210 code [0x000001a7c13df3a0, 0x000001a7c13df498]
Event: 0.217 Thread 0x000001a7da03e320  566       3       sun.misc.Unsafe::putLong (11 bytes)
Event: 0.217 Thread 0x000001a7da03e320 nmethod 566 0x000001a7c13df510 code [0x000001a7c13df6a0, 0x000001a7c13df7b8]
Event: 0.217 Thread 0x000001a7da03e320  567       3       org.lwjgl.system.MemoryUtil::memPutAddress (29 bytes)
Event: 0.217 Thread 0x000001a7da039c20  568       4       java.lang.Integer::toUnsignedLong (7 bytes)
Event: 0.217 Thread 0x000001a7da03e320 nmethod 567 0x000001a7c13df890 code [0x000001a7c13dfa40, 0x000001a7c13dfc38]
Event: 0.217 Thread 0x000001a7de7fca30  569       4       sun.misc.Unsafe::putLong (11 bytes)
Event: 0.217 Thread 0x000001a7da03e320  570       1       java.net.URL::getUserInfo (5 bytes)
Event: 0.217 Thread 0x000001a7da03e320 nmethod 570 0x000001a7c8e0b990 code [0x000001a7c8e0bb20, 0x000001a7c8e0bbf8]
Event: 0.217 Thread 0x000001a7da039c20 nmethod 568 0x000001a7c8e0bc90 code [0x000001a7c8e0be00, 0x000001a7c8e0be58]
Event: 0.217 Thread 0x000001a7de7fca30 nmethod 569 0x000001a7c8e0bf90 code [0x000001a7c8e0c120, 0x000001a7c8e0c1b8]
Event: 0.218 Thread 0x000001a7da03e320  571       3       sun.net.www.ParseUtil::firstEncodeIndex (86 bytes)
Event: 0.219 Thread 0x000001a7da03e320 nmethod 571 0x000001a7c13dfd10 code [0x000001a7c13dff60, 0x000001a7c13e0968]
Event: 0.219 Thread 0x000001a7da03e320  572       3       java.lang.ref.PhantomReference::<init> (7 bytes)
Event: 0.220 Thread 0x000001a7da03e320 nmethod 572 0x000001a7c13e0d10 code [0x000001a7c13e0ec0, 0x000001a7c13e11b8]

GC Heap History (0 events):
No events

Dll operation events (8 events):
Event: 0.007 Loaded shared library C:\Users\Ronald Pierre Lingat\.jdks\corretto-19.0.2\bin\java.dll
Event: 0.016 Loaded shared library C:\Users\Ronald Pierre Lingat\.jdks\corretto-19.0.2\bin\jsvml.dll
Event: 0.079 Loaded shared library C:\Users\Ronald Pierre Lingat\.jdks\corretto-19.0.2\bin\net.dll
Event: 0.081 Loaded shared library C:\Users\Ronald Pierre Lingat\.jdks\corretto-19.0.2\bin\nio.dll
Event: 0.089 Loaded shared library C:\Users\Ronald Pierre Lingat\.jdks\corretto-19.0.2\bin\zip.dll
Event: 0.139 Loaded shared library C:\Users\Ronald Pierre Lingat\.jdks\corretto-19.0.2\bin\jimage.dll
Event: 0.154 Loaded shared library C:\Users\Ronald Pierre Lingat\AppData\Local\Temp\lwjgl_Ronald Pierre Lingat\3.3.3+5\x64\lwjgl.dll
Event: 0.189 Loaded shared library C:\Users\Ronald Pierre Lingat\AppData\Local\Temp\lwjgl_Ronald Pierre Lingat\3.3.3+5\x64\lwjgl_opengl.dll

Deoptimization events (20 events):
Event: 0.114 Thread 0x000001a7b91303d0 DEOPT PACKING pc=0x000001a7c13168d1 sp=0x0000000bf07f9180
Event: 0.114 Thread 0x000001a7b91303d0 DEOPT UNPACKING pc=0x000001a7c88ab0e3 sp=0x0000000bf07f85f8 mode 0
Event: 0.148 Thread 0x000001a7b91303d0 Uncommon trap: trap_request=0xffffff45 fr.pc=0x000001a7c8df2d04 relative=0x0000000000000064
Event: 0.148 Thread 0x000001a7b91303d0 Uncommon trap: reason=unstable_if action=reinterpret pc=0x000001a7c8df2d04 method=java.io.WinNTFileSystem.isSlash(C)Z @ 9 c2
Event: 0.148 Thread 0x000001a7b91303d0 DEOPT PACKING pc=0x000001a7c8df2d04 sp=0x0000000bf07fc0e0
Event: 0.148 Thread 0x000001a7b91303d0 DEOPT UNPACKING pc=0x000001a7c88aa5a3 sp=0x0000000bf07fc068 mode 2
Event: 0.152 Thread 0x000001a7b91303d0 Uncommon trap: trap_request=0xffffff45 fr.pc=0x000001a7c8df4040 relative=0x0000000000000040
Event: 0.152 Thread 0x000001a7b91303d0 Uncommon trap: reason=unstable_if action=reinterpret pc=0x000001a7c8df4040 method=sun.nio.fs.WindowsPathParser.isSlash(C)Z @ 9 c2
Event: 0.152 Thread 0x000001a7b91303d0 DEOPT PACKING pc=0x000001a7c8df4040 sp=0x0000000bf07fc1d0
Event: 0.152 Thread 0x000001a7b91303d0 DEOPT UNPACKING pc=0x000001a7c88aa5a3 sp=0x0000000bf07fc158 mode 2
Event: 0.192 Thread 0x000001a7b91303d0 DEOPT PACKING pc=0x000001a7c13b1cf2 sp=0x0000000bf07fcde0
Event: 0.192 Thread 0x000001a7b91303d0 DEOPT UNPACKING pc=0x000001a7c88ab0e3 sp=0x0000000bf07fc258 mode 0
Event: 0.192 Thread 0x000001a7b91303d0 DEOPT PACKING pc=0x000001a7c13b1cf2 sp=0x0000000bf07fcde0
Event: 0.192 Thread 0x000001a7b91303d0 DEOPT UNPACKING pc=0x000001a7c88ab0e3 sp=0x0000000bf07fc258 mode 0
Event: 0.192 Thread 0x000001a7b91303d0 DEOPT PACKING pc=0x000001a7c13b1cf2 sp=0x0000000bf07fcde0
Event: 0.192 Thread 0x000001a7b91303d0 DEOPT UNPACKING pc=0x000001a7c88ab0e3 sp=0x0000000bf07fc258 mode 0
Event: 0.192 Thread 0x000001a7b91303d0 DEOPT PACKING pc=0x000001a7c13b1cf2 sp=0x0000000bf07fcde0
Event: 0.192 Thread 0x000001a7b91303d0 DEOPT UNPACKING pc=0x000001a7c88ab0e3 sp=0x0000000bf07fc258 mode 0
Event: 0.192 Thread 0x000001a7b91303d0 DEOPT PACKING pc=0x000001a7c13b1cf2 sp=0x0000000bf07fcde0
Event: 0.192 Thread 0x000001a7b91303d0 DEOPT UNPACKING pc=0x000001a7c88ab0e3 sp=0x0000000bf07fc258 mode 0

Classes loaded (20 events):
Event: 0.199 Loading class java/nio/DirectDoubleBufferU
Event: 0.199 Loading class java/nio/DirectDoubleBufferU done
Event: 0.199 Loading class sun/misc/Unsafe
Event: 0.200 Loading class sun/misc/Unsafe done
Event: 0.200 Loading class java/lang/invoke/DirectMethodHandle$StaticAccessor
Event: 0.200 Loading class java/lang/invoke/DirectMethodHandle$StaticAccessor done
Event: 0.202 Loading class java/util/function/LongPredicate
Event: 0.202 Loading class java/util/function/LongPredicate done
Event: 0.203 Loading class java/lang/foreign/MemorySegment
Event: 0.203 Loading class java/lang/foreign/Addressable
Event: 0.203 Loading class java/lang/foreign/Addressable done
Event: 0.203 Loading class java/lang/foreign/MemorySegment done
Event: 0.208 Loading class java/nio/InvalidMarkException
Event: 0.208 Loading class java/nio/InvalidMarkException done
Event: 0.208 Loading class java/nio/BufferUnderflowException
Event: 0.208 Loading class java/nio/BufferUnderflowException done
Event: 0.209 Loading class java/lang/IndexOutOfBoundsException
Event: 0.209 Loading class java/lang/IndexOutOfBoundsException done
Event: 0.215 Loading class java/util/Formatter$FixedString
Event: 0.215 Loading class java/util/Formatter$FixedString done

Classes unloaded (0 events):
No events

Classes redefined (0 events):
No events

Internal exceptions (20 events):
Event: 0.119 Thread 0x000001a7b91303d0 Exception <a 'java/lang/NoSuchMethodError'{0x000000074f647e80}: 'void java.lang.invoke.DirectMethodHandle$Holder.invokeSpecial(java.lang.Object, java.lang.Object, java.lang.Object)'> (0x000000074f647e80) 
thrown [s\src\hotspot\share\interpreter\linkResolver.cpp, line 774]
Event: 0.120 Thread 0x000001a7b91303d0 Exception <a 'java/lang/NoSuchMethodError'{0x000000074f65a368}: 'java.lang.Object java.lang.invoke.DirectMethodHandle$Holder.invokeStatic(java.lang.Object, java.lang.Object, int)'> (0x000000074f65a368) 
thrown [s\src\hotspot\share\interpreter\linkResolver.cpp, line 774]
Event: 0.121 Thread 0x000001a7b91303d0 Exception <a 'java/lang/NoSuchMethodError'{0x000000074f666188}: 'void java.lang.invoke.DelegatingMethodHandle$Holder.delegate(java.lang.Object, java.lang.Object, int, java.lang.Object)'> (0x000000074f666188) 
thrown [s\src\hotspot\share\interpreter\linkResolver.cpp, line 774]
Event: 0.122 Thread 0x000001a7b91303d0 Exception <a 'java/lang/NoSuchMethodError'{0x000000074f66a3e0}: 'int java.lang.invoke.DirectMethodHandle$Holder.invokeSpecial(java.lang.Object, java.lang.Object, java.lang.Object)'> (0x000000074f66a3e0) 
thrown [s\src\hotspot\share\interpreter\linkResolver.cpp, line 774]
Event: 0.128 Thread 0x000001a7b91303d0 Exception <a 'java/lang/NoSuchMethodError'{0x000000074f68bad0}: 'void java.lang.System.loadLibrary(java.lang.String, java.lang.Class)'> (0x000000074f68bad0) 
thrown [s\src\hotspot\share\interpreter\linkResolver.cpp, line 774]
Event: 0.137 Thread 0x000001a7b91303d0 Exception <a 'java/lang/NoSuchMethodError'{0x000000074f6f2978}: 'void java.lang.System.load(java.lang.String, java.lang.Class)'> (0x000000074f6f2978) 
thrown [s\src\hotspot\share\interpreter\linkResolver.cpp, line 774]
Event: 0.137 Thread 0x000001a7b91303d0 Exception <a 'java/lang/NoSuchMethodError'{0x000000074f6f5878}: 'void java.lang.System.loadLibrary(java.lang.String, java.lang.Class)'> (0x000000074f6f5878) 
thrown [s\src\hotspot\share\interpreter\linkResolver.cpp, line 774]
Event: 0.153 Thread 0x000001a7b91303d0 Exception <a 'sun/nio/fs/WindowsException'{0x000000074f734c88}> (0x000000074f734c88) 
thrown [s\src\hotspot\share\prims\jni.cpp, line 517]
Event: 0.153 Thread 0x000001a7b91303d0 Exception <a 'sun/nio/fs/WindowsException'{0x000000074f735288}> (0x000000074f735288) 
thrown [s\src\hotspot\share\prims\jni.cpp, line 517]
Event: 0.187 Thread 0x000001a7b91303d0 Exception <a 'sun/nio/fs/WindowsException'{0x000000074f7bd068}> (0x000000074f7bd068) 
thrown [s\src\hotspot\share\prims\jni.cpp, line 517]
Event: 0.187 Thread 0x000001a7b91303d0 Exception <a 'sun/nio/fs/WindowsException'{0x000000074f7bd4b8}> (0x000000074f7bd4b8) 
thrown [s\src\hotspot\share\prims\jni.cpp, line 517]
Event: 0.194 Thread 0x000001a7b91303d0 Exception <a 'sun/nio/fs/WindowsException'{0x000000074f7c9390}> (0x000000074f7c9390) 
thrown [s\src\hotspot\share\prims\jni.cpp, line 517]
Event: 0.194 Thread 0x000001a7b91303d0 Exception <a 'sun/nio/fs/WindowsException'{0x000000074f7c9720}> (0x000000074f7c9720) 
thrown [s\src\hotspot\share\prims\jni.cpp, line 517]
Event: 0.198 Thread 0x000001a7b91303d0 Exception <a 'java/lang/NoSuchMethodError'{0x000000074f7f67b0}: 'java.lang.Object java.lang.invoke.DirectMethodHandle$Holder.invokeStaticInit(java.lang.Object)'> (0x000000074f7f67b0) 
thrown [s\src\hotspot\share\interpreter\linkResolver.cpp, line 774]
Event: 0.202 Thread 0x000001a7b91303d0 Exception <a 'java/lang/NoSuchMethodError'{0x000000074f4254a0}: 'int java.lang.invoke.DirectMethodHandle$Holder.invokeStaticInit(java.lang.Object, java.lang.Object, int, long)'> (0x000000074f4254a0) 
thrown [s\src\hotspot\share\interpreter\linkResolver.cpp, line 774]
Event: 0.203 Thread 0x000001a7b91303d0 Exception <a 'java/lang/NoSuchMethodError'{0x000000074f42b020}: 'java.lang.Object java.lang.invoke.DirectMethodHandle$Holder.newInvokeSpecial(java.lang.Object, java.lang.Object, int)'> (0x000000074f42b020) 
thrown [s\src\hotspot\share\interpreter\linkResolver.cpp, line 774]
Event: 0.205 Thread 0x000001a7b91303d0 Exception <a 'java/lang/NoSuchMethodError'{0x000000074f43bdc8}: 'int java.lang.invoke.DirectMethodHandle$Holder.invokeStaticInit(java.lang.Object, java.lang.Object, long, long)'> (0x000000074f43bdc8) 
thrown [s\src\hotspot\share\interpreter\linkResolver.cpp, line 774]
Event: 0.205 Thread 0x000001a7b91303d0 Exception <a 'java/lang/NoSuchMethodError'{0x000000074f441b58}: 'java.lang.Object java.lang.invoke.DirectMethodHandle$Holder.newInvokeSpecial(java.lang.Object, java.lang.Object, long)'> (0x000000074f441b58) 
thrown [s\src\hotspot\share\interpreter\linkResolver.cpp, line 774]
Event: 0.206 Thread 0x000001a7b91303d0 Exception <a 'java/lang/NoSuchMethodError'{0x000000074f4456e0}: 'java.lang.Object java.lang.invoke.Invokers$Holder.linkToTargetMethod(java.lang.Object, long, java.lang.Object)'> (0x000000074f4456e0) 
thrown [s\src\hotspot\share\interpreter\linkResolver.cpp, line 774]
Event: 0.207 Thread 0x000001a7b91303d0 Exception <a 'java/lang/NoSuchMethodError'{0x000000074f44cc68}: 'int java.lang.invoke.DirectMethodHandle$Holder.invokeStaticInit(java.lang.Object, java.lang.Object, java.lang.Object, long)'> (0x000000074f44cc68) 
thrown [s\src\hotspot\share\interpreter\linkResolver.cpp, line 774]

VM Operations (4 events):
Event: 0.090 Executing VM operation: HandshakeAllThreads
Event: 0.090 Executing VM operation: HandshakeAllThreads done
Event: 0.147 Executing VM operation: HandshakeAllThreads
Event: 0.147 Executing VM operation: HandshakeAllThreads done

Events (13 events):
Event: 0.016 Thread 0x000001a7b91303d0 Thread added: 0x000001a7b91303d0
Event: 0.026 Thread 0x000001a7da0088b0 Thread added: 0x000001a7da0088b0
Event: 0.026 Thread 0x000001a7da009790 Thread added: 0x000001a7da009790
Event: 0.026 Thread 0x000001a7da00b5b0 Thread added: 0x000001a7da00b5b0
Event: 0.026 Thread 0x000001a7da00db50 Thread added: 0x000001a7da00db50
Event: 0.026 Thread 0x000001a7da010d20 Thread added: 0x000001a7da010d20
Event: 0.026 Thread 0x000001a7da015f70 Thread added: 0x000001a7da015f70
Event: 0.026 Thread 0x000001a7da039c20 Thread added: 0x000001a7da039c20
Event: 0.026 Thread 0x000001a7da03e320 Thread added: 0x000001a7da03e320
Event: 0.026 Thread 0x000001a7da052c10 Thread added: 0x000001a7da052c10
Event: 0.058 Thread 0x000001a7de4ea080 Thread added: 0x000001a7de4ea080
Event: 0.061 Thread 0x000001a7de4fc460 Thread added: 0x000001a7de4fc460
Event: 0.183 Thread 0x000001a7de7fca30 Thread added: 0x000001a7de7fca30


Dynamic libraries:
0x00007ff72d670000 - 0x00007ff72d67d000 	C:\Users\Ronald Pierre Lingat\.jdks\corretto-19.0.2\bin\java.exe
0x00007ffd10a70000 - 0x00007ffd10c86000 	C:\WINDOWS\SYSTEM32\ntdll.dll
0x00007ffd0ff60000 - 0x00007ffd10024000 	C:\WINDOWS\System32\KERNEL32.DLL
0x00007ffd0e280000 - 0x00007ffd0e626000 	C:\WINDOWS\System32\KERNELBASE.dll
0x00007ffd0e040000 - 0x00007ffd0e151000 	C:\WINDOWS\System32\ucrtbase.dll
0x00007ffd01440000 - 0x00007ffd01455000 	C:\Users\Ronald Pierre Lingat\.jdks\corretto-19.0.2\bin\VCRUNTIME140.dll
0x00007ffd02d40000 - 0x00007ffd02d57000 	C:\Users\Ronald Pierre Lingat\.jdks\corretto-19.0.2\bin\jli.dll
0x00007ffd0f930000 - 0x00007ffd0fadd000 	C:\WINDOWS\System32\USER32.dll
0x00007ffd0e790000 - 0x00007ffd0e7b6000 	C:\WINDOWS\System32\win32u.dll
0x00007ffd107a0000 - 0x00007ffd107c9000 	C:\WINDOWS\System32\GDI32.dll
0x00007ffd0e160000 - 0x00007ffd0e278000 	C:\WINDOWS\System32\gdi32full.dll
0x00007ffce8210000 - 0x00007ffce84a3000 	C:\WINDOWS\WinSxS\amd64_microsoft.windows.common-controls_6595b64144ccf1df_6.0.22621.3235_none_270f74e173860f98\COMCTL32.dll
0x00007ffd0e6f0000 - 0x00007ffd0e78a000 	C:\WINDOWS\System32\msvcp_win.dll
0x00007ffd0f880000 - 0x00007ffd0f927000 	C:\WINDOWS\System32\msvcrt.dll
0x00007ffd0ebe0000 - 0x00007ffd0ec11000 	C:\WINDOWS\System32\IMM32.DLL
0x00007ffcb4940000 - 0x00007ffcb49db000 	C:\Users\Ronald Pierre Lingat\.jdks\corretto-19.0.2\bin\msvcp140.dll
0x00007ffc74db0000 - 0x00007ffc75a89000 	C:\Users\Ronald Pierre Lingat\.jdks\corretto-19.0.2\bin\server\jvm.dll
0x00007ffd10570000 - 0x00007ffd10622000 	C:\WINDOWS\System32\ADVAPI32.dll
0x00007ffd104c0000 - 0x00007ffd10568000 	C:\WINDOWS\System32\sechost.dll
0x00007ffd0de20000 - 0x00007ffd0de48000 	C:\WINDOWS\System32\bcrypt.dll
0x00007ffd108b0000 - 0x00007ffd109c5000 	C:\WINDOWS\System32\RPCRT4.dll
0x00007ffcf8710000 - 0x00007ffcf8719000 	C:\WINDOWS\SYSTEM32\WSOCK32.dll
0x00007ffd0abd0000 - 0x00007ffd0ac04000 	C:\WINDOWS\SYSTEM32\WINMM.dll
0x00007ffd039b0000 - 0x00007ffd039ba000 	C:\WINDOWS\SYSTEM32\VERSION.dll
0x00007ffd107e0000 - 0x00007ffd10851000 	C:\WINDOWS\System32\WS2_32.dll
0x00007ffd0cea0000 - 0x00007ffd0ceb8000 	C:\WINDOWS\SYSTEM32\kernel.appcore.dll
0x00007ffd00310000 - 0x00007ffd0031a000 	C:\Users\Ronald Pierre Lingat\.jdks\corretto-19.0.2\bin\jimage.dll
0x00007ffd0b600000 - 0x00007ffd0b833000 	C:\WINDOWS\SYSTEM32\DBGHELP.DLL
0x00007ffd0e7f0000 - 0x00007ffd0eb78000 	C:\WINDOWS\System32\combase.dll
0x00007ffd101d0000 - 0x00007ffd102a7000 	C:\WINDOWS\System32\OLEAUT32.dll
0x00007ffd0ab50000 - 0x00007ffd0ab82000 	C:\WINDOWS\SYSTEM32\dbgcore.DLL
0x00007ffd0de50000 - 0x00007ffd0deca000 	C:\WINDOWS\System32\bcryptPrimitives.dll
0x00007ffce5f80000 - 0x00007ffce5fa6000 	C:\Users\Ronald Pierre Lingat\.jdks\corretto-19.0.2\bin\java.dll
0x00007ffcaf330000 - 0x00007ffcaf406000 	C:\Users\Ronald Pierre Lingat\.jdks\corretto-19.0.2\bin\jsvml.dll
0x00007ffd0ec20000 - 0x00007ffd0f47d000 	C:\WINDOWS\System32\SHELL32.dll
0x00007ffd0bcd0000 - 0x00007ffd0c5c8000 	C:\WINDOWS\SYSTEM32\windows.storage.dll
0x00007ffd0bb90000 - 0x00007ffd0bcce000 	C:\WINDOWS\SYSTEM32\wintypes.dll
0x00007ffd10640000 - 0x00007ffd10733000 	C:\WINDOWS\System32\SHCORE.dll
0x00007ffd109d0000 - 0x00007ffd10a2e000 	C:\WINDOWS\System32\shlwapi.dll
0x00007ffd0dce0000 - 0x00007ffd0dd06000 	C:\WINDOWS\SYSTEM32\profapi.dll
0x00007ffcf22f0000 - 0x00007ffcf2303000 	C:\Users\Ronald Pierre Lingat\.jdks\corretto-19.0.2\bin\net.dll
0x00007ffd05090000 - 0x00007ffd051c7000 	C:\WINDOWS\SYSTEM32\WINHTTP.dll
0x00007ffd0d320000 - 0x00007ffd0d389000 	C:\WINDOWS\system32\mswsock.dll
0x00007ffcf1ff0000 - 0x00007ffcf2005000 	C:\Users\Ronald Pierre Lingat\.jdks\corretto-19.0.2\bin\nio.dll
0x00007ffcf49e0000 - 0x00007ffcf49f8000 	C:\Users\Ronald Pierre Lingat\.jdks\corretto-19.0.2\bin\zip.dll
0x00007ffcb4b90000 - 0x00007ffcb4c0b000 	C:\Users\Ronald Pierre Lingat\AppData\Local\Temp\lwjgl_Ronald Pierre Lingat\3.3.3+5\x64\lwjgl.dll
0x00007ffcb8190000 - 0x00007ffcb81ee000 	C:\Users\Ronald Pierre Lingat\AppData\Local\Temp\lwjgl_Ronald Pierre Lingat\3.3.3+5\x64\lwjgl_opengl.dll
0x00007ffcb6c20000 - 0x00007ffcb6d20000 	C:\WINDOWS\SYSTEM32\opengl32.dll
0x00007ffcbfeb0000 - 0x00007ffcbfedd000 	C:\WINDOWS\SYSTEM32\GLU32.dll
0x00007ffd0b010000 - 0x00007ffd0b049000 	C:\WINDOWS\SYSTEM32\dxcore.dll

dbghelp: loaded successfully - version: 4.0.5 - missing functions: none
symbol engine: initialized successfully - sym options: 0x614 - pdb path: .;C:\Users\Ronald Pierre Lingat\.jdks\corretto-19.0.2\bin;C:\WINDOWS\SYSTEM32;C:\WINDOWS\WinSxS\amd64_microsoft.windows.common-controls_6595b64144ccf1df_6.0.22621.3235_none_270f74e173860f98;C:\Users\Ronald Pierre Lingat\.jdks\corretto-19.0.2\bin\server;C:\Users\Ronald Pierre Lingat\AppData\Local\Temp\lwjgl_Ronald Pierre Lingat\3.3.3+5\x64

VM Arguments:
jvm_args: -Dfile.encoding=windows-1252 -Duser.country=US -Duser.language=en -Duser.variant 
java_command: csc133.Main
java_class_path (initial): C:\Users\Ronald Pierre Lingat\Desktop\CSC133 Directory\Assignment_6\build\classes\java\main;C:\Users\Ronald Pierre Lingat\Desktop\CSC133 Directory\Assignment_6\build\resources\main;C:\Users\Ronald Pierre Lingat\.gradle\caches\modules-2\files-2.1\org.lwjgl\lwjgl-assimp\3.3.3\c2c34011cbda30ed8cf98bc5cbf97b49afe5279a\lwjgl-assimp-3.3.3.jar;C:\Users\Ronald Pierre Lingat\.gradle\caches\modules-2\files-2.1\org.lwjgl\lwjgl-assimp\3.3.3\d90ccdade594716062975cffd1431d387f770ac4\lwjgl-assimp-3.3.3-natives-windows.jar;C:\Users\Ronald Pierre Lingat\.gradle\caches\modules-2\files-2.1\org.lwjgl\lwjgl-cuda\3.3.3\e2de3beeba3e4c826317e31519a40f0585160acf\lwjgl-cuda-3.3.3.jar;C:\Users\Ronald Pierre Lingat\.gradle\caches\modules-2\files-2.1\org.lwjgl\lwjgl-freetype\3.3.3\a0db6c84a8becc8ca05f9dbfa985edc348a824c7\lwjgl-freetype-3.3.3.jar;C:\Users\Ronald Pierre Lingat\.gradle\caches\modules-2\files-2.1\org.lwjgl\lwjgl-freetype\3.3.3\81091b006dbb43fab04c8c638e9ac87c51b4096d\lwjgl-freetype-3.3.3-natives-windows.jar;C:\Users\Ronald Pierre Lingat\.gradle\caches\modules-2\files-2.1\org.lwjgl\lwjgl-glfw\3.3.3\efa1eb78c5ccd840e9f329717109b5e892d72f8e\lwjgl-glfw-3.3.3.jar;C:\Users\Ronald Pierre Lingat\.gradle\caches\modules-2\files-2.1\org.lwjgl\lwjgl-glfw\3.3.3\e449e28b4891fc423c54c85fbc5bb0b9efece67a\lwjgl-glfw-3.3.3-natives-windows.jar;C:\Users\Ronald Pierre Lingat\.gradle\caches\modules-2\files-2.1\org.lwjgl\lwjgl-hwloc\3.3.3\68333a022d5842b7bff95c70e4c3e1b2f126e783\lwjgl-hwloc-3.3.3.jar;C:\Users\Ronald Pierre Lingat\.gradle\caches\modules-2\files-2.1\org.lwjgl\lwjgl-hwloc\3.3.3\ea032ea737568d700f43cc9f052d51384ce20ebe\lwjgl-hwloc-3.3.3-natives-windows.jar;C:\Users\Ronald Pierre Lingat\.gradle\caches\modules-2\files-2.1\org.lwjgl\lwjgl-jawt\3.3.3\15479071013804d88cc810856fcc2548b457376c\lwjgl-jawt-3.3.3.jar;C:\Users\Ronald Pierre Lingat\.gradle\caches\modules-2\files-2.1\org.lwjgl\lwjgl-nanovg\3.3.3\37f0b9fc142948c3b2c6cd563db7233b14b9640c\lwjgl-nanovg-3.3.3.jar;C:\Users\Ronald Pierre Lingat\.gradle\caches\modules-2\files-2.1\org.lwjgl\lwjgl-nanovg\3.3.3\ccfbc346c4ce0737b7fe758d6337a3741af2f256\lwjgl-nanovg-3.3.3-natives-windows.jar;C:\Users\Ronald Pierre Lingat\.gradle\caches\modules-2\files-2.1\org.lwjgl\lwjgl-nfd\3.3.3\f1b41d3a0a2f5cd2a55a6a59a618c87d0348681c\lwjgl-nfd-3.3.3.jar;C:\Users\Ronald Pierre Lingat\.gradle\caches\modules-2\files-2.1\org.lwjgl\lwjgl-nfd\3.3.3\3a39132eef695dcb7631adc1d02e493527940d10\lwjgl-nfd-3.3.3-natives-windows.jar;C:\Users\Ronald Pierre Lingat\.gradle\caches\modules-2\files-2.1\org.lwjgl\lwjgl-nuklear\3.3.3\d120a8ab01987e285f83f43f862bef728011d97d\lwjgl-nuklear-3.3.3.jar;C:\Users\Ronald Pierre Lingat\.gradle\caches\modules-2\files-2.1\org.lwjgl\lwjgl-nuklear\3.3.3\3132690c8cbbdd7c948eb233610151b6a6c62b9a\lwjgl-nuklear-3.3.3-natives-windows.jar;C:\Users\Ronald Pierre Lingat\.gradle\caches\modules-2\files-2.1\org.lwjgl\lwjgl-odbc\3.3.3\1719d4813fba2b4272afddcf30db98ec32e8bd37\lwjgl-odbc-3.3.3.jar;C:\Users\Ronald Pierre Lingat\.gradle\caches\modules-2\files-2.1\org.lwjgl\lwjgl-openal\3.3.3\daada81ceb5fc0c291fbfdd4433cb8d9423577f2\lwjgl-openal-3.3.3.jar;C:\Users\Ronald Pierre Lingat\.gradle\caches\modules-2\files-2.1\org.lwjgl\lwjgl-openal\3.3.3\cf83862ae95d98496b26915024c7e666d8ab1c8f\lwjgl-openal-3.3.3-natives-windows.jar;C:\Users\Ronald Pierre Lingat\.gradle\caches\modules-2\files-2.1\org.lwjgl\lwjgl-opencl\3.3.3\fdf4a5cce0b7499914ac96a87d75fa895a4e0699\lwjgl-opencl-3.3.3.jar;C:\Users\Ronald Pierre Lingat\.gradle\caches\modules-2\files-2.1\org.lwjgl\lwjgl-opengl\3.3.3\2f6b0147078396a58979125a4c947664e98293a\lwjgl-opengl-3.3.3.jar;C:\Users\Ronald Pierre Lingat\.gradle\caches\modules-2\files-2.1\org.lwjgl\lwjgl-opengl\3.3.3\e6c1eec8be8a71951b830a4d69efc01c6531900c\lwjgl-opengl-3.3.3-natives-windows.jar;C:\Users\Ronald Pierre Lingat\.gradle\caches\modules-2\files-2.1\org.lwjgl\lwjgl-shaderc\3.3.3\ae740d58fdc809c4350358a872b076bacbec27c1\lwjgl-shaderc-3.3.3.jar;C:\Users\Ronald Pierre Lingat\.gradle\caches\modules-2\files-2.1\org.lwjgl\lwjgl-shaderc\3.3.3\2bdcb9d4c1a8debf8c82dcb6968c3f23f126af6b\lwjgl-shaderc-3.3.3-natives-windows.jar;C:\Users\Ronald Pierre Lingat\.gradle\caches\modules-2\files-2.1\org.lwjgl\lwjgl-stb\3.3.3\25dd6161988d7e65f71d5065c99902402ee32746\lwjgl-stb-3.3.3.jar;C:\Users\Ronald Pierre Lingat\.gradle\caches\modules-2\files-2.1\org.lwjgl\lwjgl-stb\3.3.3\1d9facdf6541de114b0f963be33505b7679c78cb\lwjgl-stb-3.3.3-natives-windows.jar;C:\Users\Ronald Pierre Lingat\.gradle\caches\modules-2\files-2.1\org.lwjgl\lwjgl-tootle\3.3.3\c6989921add57a1f59936bc4544431df4b837c8b\lwjgl-tootle-3.3.3.jar;C:\Users\Ronald Pierre Lingat\.gradle\caches\modules-2\files-2.1\org.lwjgl\lwjgl-tootle\3.3.3\6de41fb81ea077cb3829b25c6636987f011997fc\lwjgl-tootle-3.3.3-natives-windows.jar;C:\Users\Ronald Pierre Lingat\.gradle\caches\modules-2\files-2.1\org.lwjgl\lwjgl\3.3.3\29589b5f87ed335a6c7e7ee6a5775f81f97ecb84\lwjgl-3.3.3.jar;C:\Users\Ronald Pierre Lingat\.gradle\caches\modules-2\files-2.1\org.lwjgl\lwjgl\3.3.3\a5ed18a2b82fc91b81f40d717cb1f64c9dcb0540\lwjgl-3.3.3-natives-windows.jar;C:\Users\Ronald Pierre Lingat\.gradle\caches\modules-2\files-2.1\org.joml\joml\1.10.5\22566d58af70ad3d72308bab63b8339906deb649\joml-1.10.5.jar
Launcher Type: SUN_STANDARD

[Global flags]
     intx CICompilerCount                          = 4                                         {product} {ergonomic}
     uint ConcGCThreads                            = 2                                         {product} {ergonomic}
     uint G1ConcRefinementThreads                  = 8                                         {product} {ergonomic}
   size_t G1HeapRegionSize                         = 2097152                                   {product} {ergonomic}
    uintx GCDrainStackTargetSize                   = 64                                        {product} {ergonomic}
   size_t InitialHeapSize                          = 197132288                                 {product} {ergonomic}
   size_t MarkStackSize                            = 4194304                                   {product} {ergonomic}
   size_t MaxHeapSize                              = 3154116608                                {product} {ergonomic}
   size_t MaxNewSize                               = 1891631104                                {product} {ergonomic}
   size_t MinHeapDeltaBytes                        = 2097152                                   {product} {ergonomic}
   size_t MinHeapSize                              = 8388608                                   {product} {ergonomic}
    uintx NonNMethodCodeHeapSize                   = 5839372                                {pd product} {ergonomic}
    uintx NonProfiledCodeHeapSize                  = 122909434                              {pd product} {ergonomic}
    uintx ProfiledCodeHeapSize                     = 122909434                              {pd product} {ergonomic}
    uintx ReservedCodeCacheSize                    = 251658240                              {pd product} {ergonomic}
     bool SegmentedCodeCache                       = true                                      {product} {ergonomic}
   size_t SoftMaxHeapSize                          = 3154116608                             {manageable} {ergonomic}
     bool UseCompressedClassPointers               = true                           {product lp64_product} {ergonomic}
     bool UseCompressedOops                        = true                           {product lp64_product} {ergonomic}
     bool UseG1GC                                  = true                                      {product} {ergonomic}
     bool UseLargePagesIndividualAllocation        = false                                  {pd product} {ergonomic}

Logging:
Log output configuration:
 #0: stdout all=warning uptime,level,tags foldmultilines=false
 #1: stderr all=off uptime,level,tags foldmultilines=false

Environment Variables:
PATH=C:\Program Files\Eclipse Adoptium\jdk-17.0.8.101-hotspot\bin;C:\Program Files (x86)\NVIDIA Corporation\PhysX\Common;C:\WINDOWS\system32;C:\WINDOWS;C:\WINDOWS\System32\Wbem;C:\WINDOWS\System32\WindowsPowerShell\v1.0\;C:\WINDOWS\System32\OpenSSH\;C:\Program Files\dotnet\;C:\Program Files\Git\cmd;C:\Program Files\nodejs\;C:\Program Files\PuTTY\;C:\Users\Ronald Pierre Lingat\AppData\Local\Microsoft\WindowsApps;C:\Program Files (x86)\Brackets\;C:\Users\Ronald Pierre Lingat\AppData\Local\Programs\Microsoft VS Code\bin;C:\Users\Ronald Pierre Lingat\AppData\Roaming\npm;C:\Users\Ronald Pierre Lingat\AppData\Local\GitHubDesktop\bin
USERNAME=Ronald Pierre Lingat
OS=Windows_NT
PROCESSOR_IDENTIFIER=Intel64 Family 6 Model 140 Stepping 1, GenuineIntel
TMP=C:\Users\Ronald Pierre Lingat\AppData\Local\Temp
TEMP=C:\Users\Ronald Pierre Lingat\AppData\Local\Temp



---------------  S Y S T E M  ---------------

OS:
 Windows 11 , 64 bit Build 22621 (10.0.22621.3235)
OS uptime: 7 days 13:33 hours
Hyper-V role detected

CPU: total 8 (initial active 8) (4 cores per cpu, 2 threads per core) family 6 model 140 stepping 1 microcode 0xa4, cx8, cmov, fxsr, ht, mmx, 3dnowpref, sse, sse2, sse3, ssse3, sse4.1, sse4.2, popcnt, lzcnt, tsc, tscinvbit, avx, avx2, aes, erms, clmul, bmi1, bmi2, adx, avx512f, avx512dq, avx512cd, avx512bw, avx512vl, sha, fma, vzeroupper, avx512_vpopcntdq, avx512_vpclmulqdq, avx512_vaes, avx512_vnni, clflush, clflushopt, clwb, avx512_vbmi2, avx512_vbmi, hv, rdtscp, rdpid, fsrm, gfni, avx512_bitalg

Memory: 4k page, system-wide physical 12026M (1654M free)
TotalPageFile size 25420M (AvailPageFile size 4697M)
current process WorkingSet (physical memory assigned to process): 46M, peak: 46M
current process commit charge ("private bytes"): 280M, peak: 280M

vm_info: OpenJDK 64-Bit Server VM (19.0.2+7-FR) for windows-amd64 JRE (19.0.2+7-FR), built on Jan 13 2023 22:53:32 by "Administrator" with MS VC++ 15.9 (VS2017)

END.
